Removed Pin From Net: NetName=NetP1_1 Pin=RL1-2
Removed Pin From Net: NetName=NetP1_3 Pin=RL1-3
Removed Pin From Net: NetName=NetP2_1 Pin=RL2-2
Removed Pin From Net: NetName=NetP2_3 Pin=RL2-3
Change Component Designator: OldDesignator=R7 NewDesignator=R
Added Component: Designator=ADC(XH2.54-3P)
Added Component: Designator=C1(C 1206 (3216))
Added Component: Designator=DHT(XH2.54-3P)
Added Component: Designator=LCD1(LCD 16x2)
Added Component: Designator=LCD(XH2.54-4P)
Added Component: Designator=NodeMCU-1(NodeMCU V1.0 ESP-12E)
Added Component: Designator=R1(R 1206 (3216))
Add component (AddParameter): Name = "LatestRevisionDate"; Value = "17-Jul-2002"; VariantName = "[No Variations]"
Add component (AddParameter): Name = "LatestRevisionNote"; Value = "Re-released for DXP Platform."; VariantName = "[No Variations]"
Add component (AddParameter): Name = "PackageReference"; Value = "AXIAL-0.3"; VariantName = "[No Variations]"
Add component (AddParameter): Name = "Published"; Value = "8-Jun-2000"; VariantName = "[No Variations]"
Add component (AddParameter): Name = "Publisher"; Value = "Altium Limited"; VariantName = "[No Variations]"
Added Component: Designator=SW1(SW/4/DIP/SMALL)
Added Pin To Net: NetName=V3.3 Pin=ADC-1
Added Pin To Net: NetName=A0 Pin=ADC-2
Added Pin To Net: NetName=GND Pin=ADC-3
Added Pin To Net: NetName=D8 Pin=C1-1
Added Pin To Net: NetName=GND Pin=C1-2
Added Pin To Net: NetName=V3.3 Pin=DHT-1
Added Pin To Net: NetName=D7 Pin=DHT-2
Added Pin To Net: NetName=GND Pin=DHT-3
Added Pin To Net: NetName=GND Pin=LCD-1
Added Pin To Net: NetName=+5 Pin=LCD-2
Added Pin To Net: NetName=D3 Pin=LCD-3
Added Pin To Net: NetName=D4 Pin=LCD-4
Added Pin To Net: NetName=V3.3 Pin=NodeMCU-1-3V3
Added Pin To Net: NetName=V3.3 Pin=NodeMCU-1-3V3
Added Pin To Net: NetName=V3.3 Pin=NodeMCU-1-3V3
Added Pin To Net: NetName=A0 Pin=NodeMCU-1-A0
Added Pin To Net: NetName=D3 Pin=NodeMCU-1-D3
Added Pin To Net: NetName=D4 Pin=NodeMCU-1-D4
Added Pin To Net: NetName=D7 Pin=NodeMCU-1-D7
Added Pin To Net: NetName=GND Pin=NodeMCU-1-GND
Added Pin To Net: NetName=GND Pin=NodeMCU-1-GND
Added Pin To Net: NetName=GND Pin=NodeMCU-1-GND
Added Pin To Net: NetName=GND Pin=NodeMCU-1-GND
Added Pin To Net: NetName=+5 Pin=NodeMCU-1-VIN
Added Pin To Net: NetName=V3.3 Pin=R1-1
Added Pin To Net: NetName=D8 Pin=R1-2
Added Pin To Net: NetName=NetP1_3 Pin=RL1-2
Added Pin To Net: NetName=NetP1_1 Pin=RL1-3
Added Pin To Net: NetName=NetP2_3 Pin=RL2-2
Added Pin To Net: NetName=NetP2_1 Pin=RL2-3
Added Pin To Net: NetName=D8 Pin=SW1-1
Added Pin To Net: NetName=GND Pin=SW1-2
Added Pin To Net: NetName=GND Pin=SW1-3
Added Pin To Net: NetName=D8 Pin=SW1-4
Added Member To Class: ClassName=Smart_Home Member=Component ADC Header 3
Added Member To Class: ClassName=Smart_Home Member=Component C1 0.1uf
Added Member To Class: ClassName=Smart_Home Member=Component DHT Header 3
Added Member To Class: ClassName=Smart_Home Member=Component LCD1 LCD 16x2
Added Member To Class: ClassName=Smart_Home Member=Component LCD Header 4
Added Member To Class: ClassName=Smart_Home Member=Component NodeMCU-1 NodeMCU V1
Added Member To Class: ClassName=Smart_Home Member=Component R1 R
Added Member To Class: ClassName=Smart_Home Member=Component SW1 Tact Switch
Added Room: Name=Smart_Home
