Removed Pin From Net: NetName=D7 Pin=P_DHT-2
Removed Pin From Net: NetName=D6 Pin=R4-1
Removed Pin From Net: NetName=D5 Pin=R7-1
Added Component: Designator=ADC(XH2.54-3P)
Added Component: Designator=C1(C 1206 (3216))
Added Component: Designator=C2(C 1206 (3216))
Added Component: Designator=DHT(XH2.54-3P)
Added Component: Designator=LCD1(LCD 16x2)
Added Component: Designator=LCD(XH2.54-4P-RA)
Added Component: Designator=NodeMCU-1(NodeMCU V1.0 ESP-12E)
Added Component: Designator=R1(R 1206 (3216))
Add component (AddParameter): Name = "LatestRevisionDate"; Value = "17-Jul-2002"; VariantName = "[No Variations]"
Add component (AddParameter): Name = "LatestRevisionNote"; Value = "Re-released for DXP Platform."; VariantName = "[No Variations]"
Add component (AddParameter): Name = "PackageReference"; Value = "AXIAL-0.3"; VariantName = "[No Variations]"
Add component (AddParameter): Name = "Published"; Value = "8-Jun-2000"; VariantName = "[No Variations]"
Add component (AddParameter): Name = "Publisher"; Value = "Altium Limited"; VariantName = "[No Variations]"
Added Component: Designator=R2(R 1206 (3216))
Add component (AddParameter): Name = "LatestRevisionDate"; Value = "17-Jul-2002"; VariantName = "[No Variations]"
Add component (AddParameter): Name = "LatestRevisionNote"; Value = "Re-released for DXP Platform."; VariantName = "[No Variations]"
Add component (AddParameter): Name = "PackageReference"; Value = "AXIAL-0.3"; VariantName = "[No Variations]"
Add component (AddParameter): Name = "Published"; Value = "8-Jun-2000"; VariantName = "[No Variations]"
Add component (AddParameter): Name = "Publisher"; Value = "Altium Limited"; VariantName = "[No Variations]"
Added Component: Designator=SW1(SW/4/DIP/SMALL)
Added Component: Designator=SW2(SW/4/DIP/SMALL)
Added Pin To Net: NetName=V3.3 Pin=ADC-1
Added Pin To Net: NetName=A0 Pin=ADC-2
Added Pin To Net: NetName=GND Pin=ADC-3
Added Pin To Net: NetName=D8 Pin=C1-1
Added Pin To Net: NetName=GND Pin=C1-2
Added Pin To Net: NetName=D7 Pin=C2-1
Added Pin To Net: NetName=GND Pin=C2-2
Added Pin To Net: NetName=V3.3 Pin=DHT-1
Added Pin To Net: NetName=D6 Pin=DHT-2
Added Pin To Net: NetName=GND Pin=DHT-3
Added Pin To Net: NetName=D4 Pin=LCD-1
Added Pin To Net: NetName=D3 Pin=LCD-2
Added Pin To Net: NetName=+5 Pin=LCD-3
Added Pin To Net: NetName=GND Pin=LCD-4
Added Pin To Net: NetName=V3.3 Pin=NodeMCU-1-3V3
Added Pin To Net: NetName=V3.3 Pin=NodeMCU-1-3V3
Added Pin To Net: NetName=V3.3 Pin=NodeMCU-1-3V3
Added Pin To Net: NetName=A0 Pin=NodeMCU-1-A0
Added Pin To Net: NetName=D3 Pin=NodeMCU-1-D3
Added Pin To Net: NetName=D4 Pin=NodeMCU-1-D4
Added Pin To Net: NetName=D5 Pin=NodeMCU-1-D5
Added Pin To Net: NetName=D6 Pin=NodeMCU-1-D6
Added Pin To Net: NetName=D7 Pin=NodeMCU-1-D7
Added Pin To Net: NetName=D8 Pin=NodeMCU-1-D8
Added Pin To Net: NetName=GND Pin=NodeMCU-1-GND
Added Pin To Net: NetName=GND Pin=NodeMCU-1-GND
Added Pin To Net: NetName=GND Pin=NodeMCU-1-GND
Added Pin To Net: NetName=GND Pin=NodeMCU-1-GND
Added Pin To Net: NetName=+5 Pin=NodeMCU-1-VIN
Added Pin To Net: NetName=D5 Pin=P_DHT-2
Added Pin To Net: NetName=V3.3 Pin=R1-1
Added Pin To Net: NetName=D8 Pin=R1-2
Added Pin To Net: NetName=V3.3 Pin=R2-1
Added Pin To Net: NetName=D7 Pin=R2-2
Added Pin To Net: NetName=D7 Pin=R4-1
Added Pin To Net: NetName=D6 Pin=R7-1
Added Pin To Net: NetName=D8 Pin=SW1-1
Added Pin To Net: NetName=GND Pin=SW1-2
Added Pin To Net: NetName=GND Pin=SW1-3
Added Pin To Net: NetName=D8 Pin=SW1-4
Added Pin To Net: NetName=D7 Pin=SW2-1
Added Pin To Net: NetName=GND Pin=SW2-2
Added Pin To Net: NetName=GND Pin=SW2-3
Added Pin To Net: NetName=D7 Pin=SW2-4
Added Member To Class: ClassName=Smart_Home Member=Component ADC Header 3
Added Member To Class: ClassName=Smart_Home Member=Component C1 0.1uf
Added Member To Class: ClassName=Smart_Home Member=Component C2 0.1uf
Added Member To Class: ClassName=Smart_Home Member=Component DHT Header 3
Added Member To Class: ClassName=Smart_Home Member=Component LCD1 LCD 16x2
Added Member To Class: ClassName=Smart_Home Member=Component LCD Header 4
Added Member To Class: ClassName=Smart_Home Member=Component NodeMCU-1 NodeMCU V1
Added Member To Class: ClassName=Smart_Home Member=Component R1 R
Added Member To Class: ClassName=Smart_Home Member=Component R2 R
Added Member To Class: ClassName=Smart_Home Member=Component R4 R
Added Member To Class: ClassName=Smart_Home Member=Component R5 R
Added Member To Class: ClassName=Smart_Home Member=Component R6 R
Added Member To Class: ClassName=Smart_Home Member=Component SW1 Tact Switch
Added Member To Class: ClassName=Smart_Home Member=Component SW2 Tact Switch
