Added Component: Designator=C0(C 1206 (3216))
Added Component: Designator=CON0(Arduino Nano 15x2)
Added Component: Designator=CON1(CONN/DC/PWR/5.0MM)
Add component (AddParameter): Name = "BRAND"; Value = ""; VariantName = "[No Variations]"
Add component (AddParameter): Name = "PACKAGE"; Value = ""; VariantName = "[No Variations]"
Add component (AddParameter): Name = "PART NO"; Value = ""; VariantName = "[No Variations]"
Add component (AddParameter): Name = "STOCK CODE"; Value = ""; VariantName = "[No Variations]"
Add component (AddParameter): Name = "SUPPLIER"; Value = ""; VariantName = "[No Variations]"
Add component (AddParameter): Name = "TYPE"; Value = ""; VariantName = "[No Variations]"
Added Component: Designator=D0(SOD-80)
Add component (AddParameter): Name = "Code_JEDEC"; Value = "DO-214-AB"; VariantName = "[No Variations]"
Add component (AddParameter): Name = "LatestRevisionDate"; Value = "17-Jul-2002"; VariantName = "[No Variations]"
Add component (AddParameter): Name = "LatestRevisionNote"; Value = "Re-released for DXP Platform."; VariantName = "[No Variations]"
Add component (AddParameter): Name = "PackageReference"; Value = "SMC"; VariantName = "[No Variations]"
Add component (AddParameter): Name = "PackageVersion"; Value = "Sep-1996"; VariantName = "[No Variations]"
Add component (AddParameter): Name = "Published"; Value = "8-Jun-2000"; VariantName = "[No Variations]"
Add component (AddParameter): Name = "Publisher"; Value = "Altium Limited"; VariantName = "[No Variations]"
Added Component: Designator=LCD(LCD 16x2)
Added Component: Designator=LED0(LED 3MM)
Added Component: Designator=P0(XH2.54-3P)
Added Component: Designator=P1(Header 7)
Add component (AddParameter): Name = "LatestRevisionDate"; Value = "17-Jul-2002"; VariantName = "[No Variations]"
Add component (AddParameter): Name = "LatestRevisionNote"; Value = "Re-released for DXP Platform."; VariantName = "[No Variations]"
Add component (AddParameter): Name = "Publisher"; Value = "Altium Limited"; VariantName = "[No Variations]"
Added Component: Designator=P2(Header 4)
Added Component: Designator=P3(Header 4)
Added Component: Designator=P4(SH152-5.08-3P)
Added Component: Designator=P5(HDR DOMINO 4)
Added Component: Designator=P6(Header 2)
Add component (AddParameter): Name = "LatestRevisionDate"; Value = "17-Jul-2002"; VariantName = "[No Variations]"
Add component (AddParameter): Name = "LatestRevisionNote"; Value = "Re-released for DXP Platform."; VariantName = "[No Variations]"
Add component (AddParameter): Name = "Publisher"; Value = "Altium Limited"; VariantName = "[No Variations]"
Added Component: Designator=P7(XH2.54-2P)
Add component (AddParameter): Name = "LatestRevisionDate"; Value = "17-Jul-2002"; VariantName = "[No Variations]"
Add component (AddParameter): Name = "LatestRevisionNote"; Value = "Re-released for DXP Platform."; VariantName = "[No Variations]"
Add component (AddParameter): Name = "Publisher"; Value = "Altium Limited"; VariantName = "[No Variations]"
Added Component: Designator=P10(Header 7)
Add component (AddParameter): Name = "LatestRevisionDate"; Value = "17-Jul-2002"; VariantName = "[No Variations]"
Add component (AddParameter): Name = "LatestRevisionNote"; Value = "Re-released for DXP Platform."; VariantName = "[No Variations]"
Add component (AddParameter): Name = "Publisher"; Value = "Altium Limited"; VariantName = "[No Variations]"
Added Component: Designator=P11(XH2.54-4P-RA)
Added Component: Designator=P12(SH152-5.08-3P)
Added Component: Designator=P13(HDR Domino 2 - 5MM)
Add component (AddParameter): Name = "LatestRevisionDate"; Value = "17-Jul-2002"; VariantName = "[No Variations]"
Add component (AddParameter): Name = "LatestRevisionNote"; Value = "Re-released for DXP Platform."; VariantName = "[No Variations]"
Add component (AddParameter): Name = "Publisher"; Value = "Altium Limited"; VariantName = "[No Variations]"
Added Component: Designator=P14(Header 3)
Added Component: Designator=Q0(SOT-23)
Added Component: Designator=R0(R 1206 (3216))
Add component (AddParameter): Name = "LatestRevisionDate"; Value = "17-Jul-2002"; VariantName = "[No Variations]"
Add component (AddParameter): Name = "LatestRevisionNote"; Value = "Re-released for DXP Platform."; VariantName = "[No Variations]"
Add component (AddParameter): Name = "PackageReference"; Value = "AXIAL-0.3"; VariantName = "[No Variations]"
Add component (AddParameter): Name = "Published"; Value = "8-Jun-2000"; VariantName = "[No Variations]"
Add component (AddParameter): Name = "Publisher"; Value = "Altium Limited"; VariantName = "[No Variations]"
Added Component: Designator=R1(R 1206 (3216))
Add component (AddParameter): Name = "LatestRevisionDate"; Value = "17-Jul-2002"; VariantName = "[No Variations]"
Add component (AddParameter): Name = "LatestRevisionNote"; Value = "Re-released for DXP Platform."; VariantName = "[No Variations]"
Add component (AddParameter): Name = "PackageReference"; Value = "AXIAL-0.3"; VariantName = "[No Variations]"
Add component (AddParameter): Name = "Published"; Value = "8-Jun-2000"; VariantName = "[No Variations]"
Add component (AddParameter): Name = "Publisher"; Value = "Altium Limited"; VariantName = "[No Variations]"
Added Component: Designator=R2(R 1206 (3216))
Add component (AddParameter): Name = "LatestRevisionDate"; Value = "17-Jul-2002"; VariantName = "[No Variations]"
Add component (AddParameter): Name = "LatestRevisionNote"; Value = "Re-released for DXP Platform."; VariantName = "[No Variations]"
Add component (AddParameter): Name = "PackageReference"; Value = "AXIAL-0.3"; VariantName = "[No Variations]"
Add component (AddParameter): Name = "Published"; Value = "8-Jun-2000"; VariantName = "[No Variations]"
Add component (AddParameter): Name = "Publisher"; Value = "Altium Limited"; VariantName = "[No Variations]"
Added Component: Designator=R3(R 1206 (3216))
Add component (AddParameter): Name = "LatestRevisionDate"; Value = "17-Jul-2002"; VariantName = "[No Variations]"
Add component (AddParameter): Name = "LatestRevisionNote"; Value = "Re-released for DXP Platform."; VariantName = "[No Variations]"
Add component (AddParameter): Name = "PackageReference"; Value = "AXIAL-0.3"; VariantName = "[No Variations]"
Add component (AddParameter): Name = "Published"; Value = "8-Jun-2000"; VariantName = "[No Variations]"
Add component (AddParameter): Name = "Publisher"; Value = "Altium Limited"; VariantName = "[No Variations]"
Added Component: Designator=R4(R 1206 (3216))
Add component (AddParameter): Name = "LatestRevisionDate"; Value = "17-Jul-2002"; VariantName = "[No Variations]"
Add component (AddParameter): Name = "LatestRevisionNote"; Value = "Re-released for DXP Platform."; VariantName = "[No Variations]"
Add component (AddParameter): Name = "PackageReference"; Value = "AXIAL-0.3"; VariantName = "[No Variations]"
Add component (AddParameter): Name = "Published"; Value = "8-Jun-2000"; VariantName = "[No Variations]"
Add component (AddParameter): Name = "Publisher"; Value = "Altium Limited"; VariantName = "[No Variations]"
Added Component: Designator=R5(R 1206 (3216))
Add component (AddParameter): Name = "LatestRevisionDate"; Value = "17-Jul-2002"; VariantName = "[No Variations]"
Add component (AddParameter): Name = "LatestRevisionNote"; Value = "Re-released for DXP Platform."; VariantName = "[No Variations]"
Add component (AddParameter): Name = "PackageReference"; Value = "AXIAL-0.3"; VariantName = "[No Variations]"
Add component (AddParameter): Name = "Published"; Value = "8-Jun-2000"; VariantName = "[No Variations]"
Add component (AddParameter): Name = "Publisher"; Value = "Altium Limited"; VariantName = "[No Variations]"
Added Component: Designator=R6(R 1206 (3216))
Add component (AddParameter): Name = "LatestRevisionDate"; Value = "17-Jul-2002"; VariantName = "[No Variations]"
Add component (AddParameter): Name = "LatestRevisionNote"; Value = "Re-released for DXP Platform."; VariantName = "[No Variations]"
Add component (AddParameter): Name = "PackageReference"; Value = "AXIAL-0.3"; VariantName = "[No Variations]"
Add component (AddParameter): Name = "Published"; Value = "8-Jun-2000"; VariantName = "[No Variations]"
Add component (AddParameter): Name = "Publisher"; Value = "Altium Limited"; VariantName = "[No Variations]"
Added Component: Designator=RL0(RL_SPDT_10A)
Add component (AddParameter): Name = "Value"; Value = "Relay SPDT, 10A, 12V"; VariantName = "[No Variations]"
Added Component: Designator=SW0(SW/4/DIP/SMALL)
Added Component: Designator=U0(YAAJ_BluePill_1)
Added Component: Designator=U1(NodeMCU V1.0 ESP-12E)
Added Component: Designator=U3(SOIC-4-GULLWING)
Added Pin To Net: NetName=+5 Pin=CON0-27
Added Pin To Net: NetName=+5 Pin=D0-1
Added Pin To Net: NetName=+5 Pin=LED0-2
Added Pin To Net: NetName=+5 Pin=P0-1
Added Pin To Net: NetName=+5 Pin=P1-2
Added Pin To Net: NetName=+5 Pin=P2-1
Added Pin To Net: NetName=+5 Pin=P3-1
Added Pin To Net: NetName=+5 Pin=P10-2
Added Pin To Net: NetName=+5 Pin=P11-3
Added Pin To Net: NetName=+5 Pin=P14-1
Added Pin To Net: NetName=+5 Pin=R0-2
Added Pin To Net: NetName=+5 Pin=RL0-5
Added Pin To Net: NetName=+5 Pin=U1-VIN
Added Pin To Net: NetName=+5 Pin=U3-4
Added Net: Name=+5
Added Pin To Net: NetName=3.3V Pin=R4-1
Added Net: Name=3.3V
Added Pin To Net: NetName=BT0 Pin=C0-1
Added Pin To Net: NetName=BT0 Pin=R4-2
Added Pin To Net: NetName=BT0 Pin=SW0-1
Added Pin To Net: NetName=BT0 Pin=SW0-4
Added Net: Name=BT0
Added Pin To Net: NetName=DHT Pin=CON0-7
Added Pin To Net: NetName=DHT Pin=P0-2
Added Pin To Net: NetName=DHT Pin=R0-1
Added Net: Name=DHT
Added Pin To Net: NetName=E_L0 Pin=P13-1
Added Pin To Net: NetName=E_L0 Pin=RL0-1
Added Net: Name=E_L0
Added Pin To Net: NetName=E_L1 Pin=P12-2
Added Pin To Net: NetName=E_L1 Pin=P13-2
Added Net: Name=E_L1
Added Pin To Net: NetName=E_OUT Pin=R5-1
Added Pin To Net: NetName=E_OUT Pin=R6-2
Added Net: Name=E_OUT
Added Pin To Net: NetName=ESP_RX Pin=U1-D3
Added Net: Name=ESP_RX
Added Pin To Net: NetName=ESP_TX Pin=U1-D2
Added Net: Name=ESP_TX
Added Pin To Net: NetName=GND Pin=C0-2
Added Pin To Net: NetName=GND Pin=CON0-4
Added Pin To Net: NetName=GND Pin=CON0-29
Added Pin To Net: NetName=GND Pin=P0-3
Added Pin To Net: NetName=GND Pin=P1-1
Added Pin To Net: NetName=GND Pin=P2-2
Added Pin To Net: NetName=GND Pin=P3-4
Added Pin To Net: NetName=GND Pin=P10-1
Added Pin To Net: NetName=GND Pin=P11-4
Added Pin To Net: NetName=GND Pin=P14-3
Added Pin To Net: NetName=GND Pin=Q0-2
Added Pin To Net: NetName=GND Pin=R5-2
Added Pin To Net: NetName=GND Pin=SW0-2
Added Pin To Net: NetName=GND Pin=SW0-3
Added Pin To Net: NetName=GND Pin=U1-GND
Added Pin To Net: NetName=GND Pin=U1-GND
Added Pin To Net: NetName=GND Pin=U1-GND
Added Pin To Net: NetName=GND Pin=U1-GND
Added Pin To Net: NetName=GND Pin=U3-2
Added Net: Name=GND
Added Pin To Net: NetName=LCD_SCL Pin=P11-1
Added Net: Name=LCD_SCL
Added Pin To Net: NetName=LCD_SDA Pin=P11-2
Added Net: Name=LCD_SDA
Added Pin To Net: NetName=LORA_AUX Pin=P1-3
Added Pin To Net: NetName=LORA_AUX Pin=P10-3
Added Net: Name=LORA_AUX
Added Pin To Net: NetName=LORA_M0 Pin=CON0-11
Added Pin To Net: NetName=LORA_M0 Pin=P1-7
Added Pin To Net: NetName=LORA_M0 Pin=P10-7
Added Net: Name=LORA_M0
Added Pin To Net: NetName=LORA_M1 Pin=CON0-10
Added Pin To Net: NetName=LORA_M1 Pin=P1-6
Added Pin To Net: NetName=LORA_M1 Pin=P10-6
Added Net: Name=LORA_M1
Added Pin To Net: NetName=LORA_RX Pin=CON0-9
Added Pin To Net: NetName=LORA_RX Pin=P1-5
Added Pin To Net: NetName=LORA_RX Pin=P10-5
Added Net: Name=LORA_RX
Added Pin To Net: NetName=LORA_TX Pin=CON0-8
Added Pin To Net: NetName=LORA_TX Pin=P1-4
Added Pin To Net: NetName=LORA_TX Pin=P10-4
Added Net: Name=LORA_TX
Added Pin To Net: NetName=NetD0_2 Pin=D0-2
Added Pin To Net: NetName=NetD0_2 Pin=Q0-3
Added Pin To Net: NetName=NetD0_2 Pin=R3-1
Added Pin To Net: NetName=NetD0_2 Pin=RL0-4
Added Net: Name=NetD0_2
Added Pin To Net: NetName=NetLED0_1 Pin=LED0-1
Added Pin To Net: NetName=NetLED0_1 Pin=R3-2
Added Net: Name=NetLED0_1
Added Pin To Net: NetName=NetP12_1 Pin=P12-1
Added Pin To Net: NetName=NetP12_1 Pin=RL0-2
Added Net: Name=NetP12_1
Added Pin To Net: NetName=NetP12_3 Pin=P12-3
Added Pin To Net: NetName=NetP12_3 Pin=RL0-3
Added Net: Name=NetP12_3
Added Pin To Net: NetName=NetP14_2 Pin=P14-2
Added Pin To Net: NetName=NetP14_2 Pin=R6-1
Added Net: Name=NetP14_2
Added Pin To Net: NetName=NetQ0_1 Pin=Q0-1
Added Pin To Net: NetName=NetQ0_1 Pin=R1-1
Added Net: Name=NetQ0_1
Added Pin To Net: NetName=NetR1_2 Pin=R1-2
Added Pin To Net: NetName=NetR1_2 Pin=U3-3
Added Net: Name=NetR1_2
Added Pin To Net: NetName=NetR2_1 Pin=R2-1
Added Pin To Net: NetName=NetR2_1 Pin=U3-1
Added Net: Name=NetR2_1
Added Pin To Net: NetName=NPK_RX Pin=CON0-13
Added Pin To Net: NetName=NPK_RX Pin=P3-3
Added Net: Name=NPK_RX
Added Pin To Net: NetName=NPK_TX Pin=CON0-12
Added Pin To Net: NetName=NPK_TX Pin=P3-2
Added Net: Name=NPK_TX
Added Pin To Net: NetName=RELAY Pin=R2-2
Added Net: Name=RELAY
Added Pin To Net: NetName=RS485_A Pin=P4-1
Added Pin To Net: NetName=RS485_A Pin=P5-3
Added Net: Name=RS485_A
Added Pin To Net: NetName=RS485_B Pin=P4-2
Added Pin To Net: NetName=RS485_B Pin=P5-2
Added Net: Name=RS485_B
Added Pin To Net: NetName=RS485_GND Pin=CON1-2
Added Pin To Net: NetName=RS485_GND Pin=CON1-3
Added Pin To Net: NetName=RS485_GND Pin=P4-3
Added Pin To Net: NetName=RS485_GND Pin=P5-1
Added Net: Name=RS485_GND
Added Pin To Net: NetName=RS485_VCC Pin=CON1-1
Added Pin To Net: NetName=RS485_VCC Pin=P5-4
Added Net: Name=RS485_VCC
Added Pin To Net: NetName=SOIL_0 Pin=P6-1
Added Pin To Net: NetName=SOIL_0 Pin=P7-2
Added Net: Name=SOIL_0
Added Pin To Net: NetName=SOIL_1 Pin=P6-2
Added Pin To Net: NetName=SOIL_1 Pin=P7-1
Added Net: Name=SOIL_1
Added Pin To Net: NetName=SOIL_A0 Pin=CON0-19
Added Pin To Net: NetName=SOIL_A0 Pin=P2-4
Added Net: Name=SOIL_A0
Added Pin To Net: NetName=SOIL_D0 Pin=P2-3
Added Net: Name=SOIL_D0
Added Class: Name=Gateway
Added Class: Name=Node
Added Room: Name=Gateway
Added Room: Name=Node
