Change Component Footprint: Designator=C? Old Footprint=C 1206 (3216) New Footprint=C 0805 (2012)
Change Component Footprint: Designator=SW? Old Footprint=OMRON-B3F-4055_V New Footprint=SW/4/DIP 12x12x7
Change Component Footprint: Designator=SW? Old Footprint=OMRON-B3F-4055_V New Footprint=SW/4/DIP 12x12x7
Change Component Footprint: Designator=SW? Old Footprint=OMRON-B3F-4055_V New Footprint=SW/4/DIP 12x12x7
Change Component Comment : Designator=SW? Old Comment=B3F-4055 New Comment=Tact Switch
Change Component Comment : Designator=SW? Old Comment=B3F-4055 New Comment=Tact Switch
Change Component Comment : Designator=SW? Old Comment=B3F-4055 New Comment=Tact Switch
Change Component Comment : Designator=C? Old Comment=C New Comment=100nF
Change Component Comment : Designator=C? Old Comment=C New Comment=104
Change Component Comment : Designator=C? Old Comment=EEEFP1E471AP New Comment=470uF
Change Managed Component Library Link : Designator=SW? Old VaultGUID=B7D15EC3-160A-466F-A46C-7801FE6295A7 New VaultGUID= Old ItemGUID=782A579D-C98D-4845-87EA-670D153D2519 New ItemGUID= Old RevisionGUID=38F8BB92-A846-41D2-95EA-45A27B187761 New RevisionGUID=
Change Managed Component Library Link : Designator=SW? Old VaultGUID=B7D15EC3-160A-466F-A46C-7801FE6295A7 New VaultGUID= Old ItemGUID=782A579D-C98D-4845-87EA-670D153D2519 New ItemGUID= Old RevisionGUID=38F8BB92-A846-41D2-95EA-45A27B187761 New RevisionGUID=
Change Managed Component Library Link : Designator=SW? Old VaultGUID=B7D15EC3-160A-466F-A46C-7801FE6295A7 New VaultGUID= Old ItemGUID=782A579D-C98D-4845-87EA-670D153D2519 New ItemGUID= Old RevisionGUID=38F8BB92-A846-41D2-95EA-45A27B187761 New RevisionGUID=
Change component parameters: Designator = "SW?" ("SW?"); Footprint = "OMRON-B3F-4055_V"; UniqueID = "\EHOGYCXN" ("\EHOGYCXN")
Change component parameters: Designator = "SW?" ("SW?"); Footprint = "OMRON-B3F-4055_V"; UniqueID = "\FTEEPYOU" ("\FTEEPYOU")
Change component parameters: Designator = "SW?" ("SW?"); Footprint = "OMRON-B3F-4055_V"; UniqueID = "\TRUMTMHE" ("\TRUMTMHE")
Added Component: Designator=C?(C 0805 (2012))
Added Component: Designator=C?(C 0805 (2012))
Added Component: Designator=C?(C 0805 (2012))
Added Component: Designator=C?(C 0805 (2012))
Added Component: Designator=D?(DO-214AB (SMC))
Add component (AddParameter): Name = "Code_JEDEC"; Value = "DO-214-AB"; VariantName = "[No Variations]"
Add component (AddParameter): Name = "LatestRevisionDate"; Value = "17-Jul-2002"; VariantName = "[No Variations]"
Add component (AddParameter): Name = "LatestRevisionNote"; Value = "Re-released for DXP Platform."; VariantName = "[No Variations]"
Add component (AddParameter): Name = "PackageReference"; Value = "SMC"; VariantName = "[No Variations]"
Add component (AddParameter): Name = "PackageVersion"; Value = "Sep-1996"; VariantName = "[No Variations]"
Add component (AddParameter): Name = "Published"; Value = "8-Jun-2000"; VariantName = "[No Variations]"
Add component (AddParameter): Name = "Publisher"; Value = "Altium Limited"; VariantName = "[No Variations]"
Added Component: Designator=LCD?(LCD 16x2)
Added Component: Designator=Q?(SOT-23)
Added Component: Designator=R?(R 0805 (2012))
Add component (AddParameter): Name = "LatestRevisionDate"; Value = "17-Jul-2002"; VariantName = "[No Variations]"
Add component (AddParameter): Name = "LatestRevisionNote"; Value = "Re-released for DXP Platform."; VariantName = "[No Variations]"
Add component (AddParameter): Name = "PackageReference"; Value = "AXIAL-0.3"; VariantName = "[No Variations]"
Add component (AddParameter): Name = "Published"; Value = "8-Jun-2000"; VariantName = "[No Variations]"
Add component (AddParameter): Name = "Publisher"; Value = "Altium Limited"; VariantName = "[No Variations]"
Added Component: Designator=R?(R 0805 (2012))
Add component (AddParameter): Name = "LatestRevisionDate"; Value = "17-Jul-2002"; VariantName = "[No Variations]"
Add component (AddParameter): Name = "LatestRevisionNote"; Value = "Re-released for DXP Platform."; VariantName = "[No Variations]"
Add component (AddParameter): Name = "PackageReference"; Value = "AXIAL-0.3"; VariantName = "[No Variations]"
Add component (AddParameter): Name = "Published"; Value = "8-Jun-2000"; VariantName = "[No Variations]"
Add component (AddParameter): Name = "Publisher"; Value = "Altium Limited"; VariantName = "[No Variations]"
Added Component: Designator=R?(R 0805 (2012))
Add component (AddParameter): Name = "LatestRevisionDate"; Value = "17-Jul-2002"; VariantName = "[No Variations]"
Add component (AddParameter): Name = "LatestRevisionNote"; Value = "Re-released for DXP Platform."; VariantName = "[No Variations]"
Add component (AddParameter): Name = "PackageReference"; Value = "AXIAL-0.3"; VariantName = "[No Variations]"
Add component (AddParameter): Name = "Published"; Value = "8-Jun-2000"; VariantName = "[No Variations]"
Add component (AddParameter): Name = "Publisher"; Value = "Altium Limited"; VariantName = "[No Variations]"
Added Component: Designator=R?(R 0805 (2012))
Add component (AddParameter): Name = "LatestRevisionDate"; Value = "17-Jul-2002"; VariantName = "[No Variations]"
Add component (AddParameter): Name = "LatestRevisionNote"; Value = "Re-released for DXP Platform."; VariantName = "[No Variations]"
Add component (AddParameter): Name = "PackageReference"; Value = "AXIAL-0.3"; VariantName = "[No Variations]"
Add component (AddParameter): Name = "Published"; Value = "8-Jun-2000"; VariantName = "[No Variations]"
Add component (AddParameter): Name = "Publisher"; Value = "Altium Limited"; VariantName = "[No Variations]"
Added Component: Designator=R?(BOUR-TC33X-2_V)
Add component (AddParameter): Name = "Case/Package"; Value = "SMD/SMT"; VariantName = "[No Variations]"
Add component (AddParameter): Name = "Colour"; Value = "Silver"; VariantName = "[No Variations]"
Add component (AddParameter): Name = "Composition"; Value = "Potentiometer"; VariantName = "[No Variations]"
Add component (AddParameter): Name = "Contact Plating"; Value = "Silver"; VariantName = "[No Variations]"
Add component (AddParameter): Name = "Datasheet URL"; Value = "http://www.bourns.com/docs/Product-Datasheets/TC33.pdf"; VariantName = "[No Variations]"
Add component (AddParameter): Name = "Datasheet Version"; Value = "42583.0"; VariantName = "[No Variations]"
Add component (AddParameter): Name = "Depth"; Value = "3.8mm"; VariantName = "[No Variations]"
Add component (AddParameter): Name = "Height"; Value = "0.047inch"; VariantName = "[No Variations]"
Add component (AddParameter): Name = "Lead Free"; Value = "LeadFree"; VariantName = "[No Variations]"
Add component (AddParameter): Name = "Length"; Value = "3mm"; VariantName = "[No Variations]"
Add component (AddParameter): Name = "Manufacturer"; Value = "Bourns"; VariantName = "[No Variations]"
Add component (AddParameter): Name = "Manufacturer URL"; Value = "http://www.bourns.com/"; VariantName = "[No Variations]"
Add component (AddParameter): Name = "Max Operating Temperature"; Value = "100degC"; VariantName = "[No Variations]"
Add component (AddParameter): Name = "Max Power Dissipation"; Value = "100mW"; VariantName = "[No Variations]"
Add component (AddParameter): Name = "Military Standard"; Value = "Not"; VariantName = "[No Variations]"
Add component (AddParameter): Name = "Min Operating Temperature"; Value = "-40degC"; VariantName = "[No Variations]"
Add component (AddParameter): Name = "Mount"; Value = "SurfaceMount"; VariantName = "[No Variations]"
Add component (AddParameter): Name = "Number of Turns"; Value = "1"; VariantName = "[No Variations]"
Add component (AddParameter): Name = "Package Description"; Value = "3-Pin Surface Mount Device, Body 3.8 x 3.6 mm"; VariantName = "[No Variations]"
Add component (AddParameter): Name = "Package Quantity"; Value = "2500"; VariantName = "[No Variations]"
Add component (AddParameter): Name = "Package Reference"; Value = "TC33X-2"; VariantName = "[No Variations]"
Add component (AddParameter): Name = "Packaging"; Value = "TapeandReel"; VariantName = "[No Variations]"
Add component (AddParameter): Name = "Power Rating"; Value = "100mW"; VariantName = "[No Variations]"
Add component (AddParameter): Name = "Radiation Hardening"; Value = "No"; VariantName = "[No Variations]"
Add component (AddParameter): Name = "REACH SVHC"; Value = "NoSVHC"; VariantName = "[No Variations]"
Add component (AddParameter): Name = "Resistance"; Value = "10KOhm"; VariantName = "[No Variations]"
Add component (AddParameter): Name = "RoHSCompliant"; Value = "true"; VariantName = "[No Variations]"
Add component (AddParameter): Name = "Taper"; Value = "Linear"; VariantName = "[No Variations]"
Add component (AddParameter): Name = "Temperature Coefficient"; Value = "250ppm/degreesC"; VariantName = "[No Variations]"
Add component (AddParameter): Name = "Termination"; Value = "FootPrint"; VariantName = "[No Variations]"
Add component (AddParameter): Name = "Tolerance"; Value = "25%"; VariantName = "[No Variations]"
Add component (AddParameter): Name = "Voltage Rating (DC)"; Value = "50V"; VariantName = "[No Variations]"
Add component (AddParameter): Name = "Weight"; Value = "29.4mg"; VariantName = "[No Variations]"
Add component (AddParameter): Name = "Width"; Value = "0.118inch"; VariantName = "[No Variations]"
Added Component: Designator=R?(R 0805 (2012))
Add component (AddParameter): Name = "LatestRevisionDate"; Value = "17-Jul-2002"; VariantName = "[No Variations]"
Add component (AddParameter): Name = "LatestRevisionNote"; Value = "Re-released for DXP Platform."; VariantName = "[No Variations]"
Add component (AddParameter): Name = "PackageReference"; Value = "AXIAL-0.3"; VariantName = "[No Variations]"
Add component (AddParameter): Name = "Published"; Value = "8-Jun-2000"; VariantName = "[No Variations]"
Add component (AddParameter): Name = "Publisher"; Value = "Altium Limited"; VariantName = "[No Variations]"
Added Component: Designator=R?(R 0805 (2012))
Add component (AddParameter): Name = "LatestRevisionDate"; Value = "17-Jul-2002"; VariantName = "[No Variations]"
Add component (AddParameter): Name = "LatestRevisionNote"; Value = "Re-released for DXP Platform."; VariantName = "[No Variations]"
Add component (AddParameter): Name = "PackageReference"; Value = "AXIAL-0.3"; VariantName = "[No Variations]"
Add component (AddParameter): Name = "Published"; Value = "8-Jun-2000"; VariantName = "[No Variations]"
Add component (AddParameter): Name = "Publisher"; Value = "Altium Limited"; VariantName = "[No Variations]"
Added Component: Designator=R?(R 0805 (2012))
Add component (AddParameter): Name = "LatestRevisionDate"; Value = "17-Jul-2002"; VariantName = "[No Variations]"
Add component (AddParameter): Name = "LatestRevisionNote"; Value = "Re-released for DXP Platform."; VariantName = "[No Variations]"
Add component (AddParameter): Name = "PackageReference"; Value = "AXIAL-0.3"; VariantName = "[No Variations]"
Add component (AddParameter): Name = "Published"; Value = "8-Jun-2000"; VariantName = "[No Variations]"
Add component (AddParameter): Name = "Publisher"; Value = "Altium Limited"; VariantName = "[No Variations]"
Added Component: Designator=R?(R 0805 (2012))
Add component (AddParameter): Name = "LatestRevisionDate"; Value = "17-Jul-2002"; VariantName = "[No Variations]"
Add component (AddParameter): Name = "LatestRevisionNote"; Value = "Re-released for DXP Platform."; VariantName = "[No Variations]"
Add component (AddParameter): Name = "PackageReference"; Value = "AXIAL-0.3"; VariantName = "[No Variations]"
Add component (AddParameter): Name = "Published"; Value = "8-Jun-2000"; VariantName = "[No Variations]"
Add component (AddParameter): Name = "Publisher"; Value = "Altium Limited"; VariantName = "[No Variations]"
Added Component: Designator=RL?(RL_SPDT_10A)
Add component (AddParameter): Name = "Value"; Value = "Relay SPDT, 10A, 12V"; VariantName = "[No Variations]"
Added Component: Designator=SW?(SW/4/DIP 12x12x7)
Added Pin To Net: NetName=+5 Pin=C?-1
Added Pin To Net: NetName=+5 Pin=C?-2
Added Pin To Net: NetName=+5 Pin=D?-1
Added Pin To Net: NetName=+5 Pin=LCD?-2
Added Pin To Net: NetName=+5 Pin=PS?-4
Added Pin To Net: NetName=+5 Pin=R?-1
Added Pin To Net: NetName=+5 Pin=R?-2
Added Pin To Net: NetName=+5 Pin=R?-2
Added Pin To Net: NetName=+5 Pin=R?-2
Added Pin To Net: NetName=+5 Pin=R?-2
Added Pin To Net: NetName=+5 Pin=R?-3
Added Pin To Net: NetName=+5 Pin=RL?-5
Added Pin To Net: NetName=+5 Pin=U?-1
Added Net: Name=+5
Added Pin To Net: NetName=GND Pin=C?-1
Added Pin To Net: NetName=GND Pin=C?-2
Added Pin To Net: NetName=GND Pin=LCD?-1
Added Pin To Net: NetName=GND Pin=LCD?-5
Added Pin To Net: NetName=GND Pin=LCD?-7
Added Pin To Net: NetName=GND Pin=LCD?-8
Added Pin To Net: NetName=GND Pin=LCD?-9
Added Pin To Net: NetName=GND Pin=LCD?-10
Added Pin To Net: NetName=GND Pin=LCD?-16
Added Pin To Net: NetName=GND Pin=PS?-3
Added Pin To Net: NetName=GND Pin=Q?-2
Added Pin To Net: NetName=GND Pin=R?-1
Added Pin To Net: NetName=GND Pin=R?-2
Added Pin To Net: NetName=GND Pin=SW?-2
Added Pin To Net: NetName=GND Pin=SW?-2
Added Pin To Net: NetName=GND Pin=SW?-2
Added Pin To Net: NetName=GND Pin=SW?-2
Added Pin To Net: NetName=GND Pin=U?-20
Added Net: Name=GND
Added Pin To Net: NetName=NetC?_1 Pin=C?-1
Added Pin To Net: NetName=NetC?_1 Pin=SW?-4
Added Net: Name=NetC?_1
Added Pin To Net: NetName=NetC?_2 Pin=C?-2
Added Pin To Net: NetName=NetC?_2 Pin=SW?-3
Added Net: Name=NetC?_2
Added Pin To Net: NetName=NetD?_2 Pin=D?-2
Added Pin To Net: NetName=NetD?_2 Pin=Q?-3
Added Pin To Net: NetName=NetD?_2 Pin=RL?-4
Added Net: Name=NetD?_2
Added Pin To Net: NetName=NetLCD?_3 Pin=LCD?-3
Added Pin To Net: NetName=NetLCD?_3 Pin=R?-2
Added Net: Name=NetLCD?_3
Added Pin To Net: NetName=NetLCD?_15 Pin=LCD?-15
Added Pin To Net: NetName=NetLCD?_15 Pin=R?-2
Added Net: Name=NetLCD?_15
Added Pin To Net: NetName=NetQ?_1 Pin=Q?-1
Added Pin To Net: NetName=NetQ?_1 Pin=R?-1
Added Pin To Net: NetName=NetQ?_1 Pin=R?-1
Added Net: Name=NetQ?_1
Added Pin To Net: NetName=NetR?_1 Pin=R?-1
Added Pin To Net: NetName=NetR?_1 Pin=RL?-1
Added Net: Name=NetR?_1
Added Pin To Net: NetName=RA0 Pin=R?-1
Added Pin To Net: NetName=RA0 Pin=SW?-1
Added Pin To Net: NetName=RA0 Pin=U?-19
Added Net: Name=RA0
Added Pin To Net: NetName=RA1 Pin=R?-1
Added Pin To Net: NetName=RA1 Pin=SW?-1
Added Pin To Net: NetName=RA1 Pin=U?-18
Added Net: Name=RA1
Added Pin To Net: NetName=RA2 Pin=R?-1
Added Pin To Net: NetName=RA2 Pin=SW?-1
Added Pin To Net: NetName=RA2 Pin=U?-17
Added Net: Name=RA2
Added Pin To Net: NetName=RA3 Pin=R?-1
Added Pin To Net: NetName=RA3 Pin=SW?-1
Added Pin To Net: NetName=RA3 Pin=U?-4
Added Net: Name=RA3
Added Pin To Net: NetName=RA5 Pin=R?-2
Added Pin To Net: NetName=RA5 Pin=U?-2
Added Net: Name=RA5
Added Pin To Net: NetName=RC2 Pin=LCD?-4
Added Pin To Net: NetName=RC2 Pin=U?-14
Added Net: Name=RC2
Added Pin To Net: NetName=RC3 Pin=LCD?-6
Added Pin To Net: NetName=RC3 Pin=U?-7
Added Net: Name=RC3
Added Pin To Net: NetName=RC4 Pin=LCD?-11
Added Pin To Net: NetName=RC4 Pin=U?-6
Added Net: Name=RC4
Added Pin To Net: NetName=RC5 Pin=LCD?-12
Added Pin To Net: NetName=RC5 Pin=U?-5
Added Net: Name=RC5
Added Pin To Net: NetName=RC6 Pin=LCD?-13
Added Pin To Net: NetName=RC6 Pin=U?-8
Added Net: Name=RC6
Added Pin To Net: NetName=RC7 Pin=LCD?-14
Added Pin To Net: NetName=RC7 Pin=U?-9
Added Net: Name=RC7
Added Member To Class: ClassName=Schematic Member=Component C? 470uF
Added Member To Class: ClassName=Schematic Member=Component C? 104
Added Member To Class: ClassName=Schematic Member=Component C? 104
Added Member To Class: ClassName=Schematic Member=Component C? 104
Added Member To Class: ClassName=Schematic Member=Component C? 104
Added Member To Class: ClassName=Schematic Member=Component C? 104
Added Member To Class: ClassName=Schematic Member=Component D? Diode
Added Member To Class: ClassName=Schematic Member=Component LCD? LCD 16x2
Added Member To Class: ClassName=Schematic Member=Component Q? Transistor NPN
Added Member To Class: ClassName=Schematic Member=Component R? R
Added Member To Class: ClassName=Schematic Member=Component R? R
Added Member To Class: ClassName=Schematic Member=Component R? R
Added Member To Class: ClassName=Schematic Member=Component R? R
Added Member To Class: ClassName=Schematic Member=Component R? TC33X-2-103E
Added Member To Class: ClassName=Schematic Member=Component R? R
Added Member To Class: ClassName=Schematic Member=Component R? 10k
Added Member To Class: ClassName=Schematic Member=Component R? R
Added Member To Class: ClassName=Schematic Member=Component R? R
Added Member To Class: ClassName=Schematic Member=Component RL? Relay 10A/12V
Added Member To Class: ClassName=Schematic Member=Component SW? Tact Switch
Added Member To Class: ClassName=Schematic Member=Component SW? Tact Switch
Added Member To Class: ClassName=Schematic Member=Component SW? Tact Switch
Added Member To Class: ClassName=Schematic Member=Component U? PIC16F1829-I/SO
