Added Component: Designator=U?(MCHP-SOIC-SO20_N)
Add component (AddParameter): Name = "# of A/D Channels"; Value = "12"; VariantName = "[No Variations]"
Add component (AddParameter): Name = "ComponentLink1Description"; Value = "Datasheet"; VariantName = "[No Variations]"
Add component (AddParameter): Name = "ComponentLink1URL"; Value = "http://ww1.microchip.com/downloads/en/DeviceDoc/41440C.pdf"; VariantName = "[No Variations]"
Add component (AddParameter): Name = "ComponentLink2Description"; Value = "Package Specification"; VariantName = "[No Variations]"
Add component (AddParameter): Name = "ComponentLink2URL"; Value = "http://www.microchip.com/stellent/groups/techpub_sg/documents/packagingspec/en012702.pdf"; VariantName = "[No Variations]"
Add component (AddParameter): Name = "ComponentLink3Description"; Value = "URL Link1"; VariantName = "[No Variations]"
Add component (AddParameter): Name = "ComponentLink3URL"; Value = "Product URL:http://www.microchip.com/datasheet/PIC16F1829"; VariantName = "[No Variations]"
Add component (AddParameter): Name = "DatasheetVersion"; Value = "Rev. C"; VariantName = "[No Variations]"
Add component (AddParameter): Name = "Digital Communication"; Value = "1 -A/E/USART, 2 -MSSP(SPI/I2C)"; VariantName = "[No Variations]"
Add component (AddParameter): Name = "EEPROM Data Memory (bytes)"; Value = "256"; VariantName = "[No Variations]"
Add component (AddParameter): Name = "I/O Pins"; Value = "17"; VariantName = "[No Variations]"
Add component (AddParameter): Name = "Internal Oscillator"; Value = "32 MHz, 31 kHz"; VariantName = "[No Variations]"
Add component (AddParameter): Name = "Manufacturer"; Value = "Microchip"; VariantName = "[No Variations]"
Add component (AddParameter): Name = "Max. CPU Speed MHz"; Value = "32"; VariantName = "[No Variations]"
Add component (AddParameter): Name = "Memory Type"; Value = "Flash"; VariantName = "[No Variations]"
Add component (AddParameter): Name = "Mounting Technology"; Value = "Surface Mount"; VariantName = "[No Variations]"
Add component (AddParameter): Name = "Operation Voltage Range"; Value = "1.8V - 5.5V"; VariantName = "[No Variations]"
Add component (AddParameter): Name = "PackageDescription"; Value = "20-Lead Plastic Small Outline, 7.5 x 12.8 mm Body, 1.27 mm Pitch"; VariantName = "[No Variations]"
Add component (AddParameter): Name = "PackageReference"; Value = "SOIC-SO20"; VariantName = "[No Variations]"
Add component (AddParameter): Name = "PackageVersion"; Value = "C04-094C, 12/2012"; VariantName = "[No Variations]"
Add component (AddParameter): Name = "Packing"; Value = "TUBE"; VariantName = "[No Variations]"
Add component (AddParameter): Name = "PartNumber"; Value = "PIC16F1829-I/SO"; VariantName = "[No Variations]"
Add component (AddParameter): Name = "Program Memory KBytes"; Value = "14"; VariantName = "[No Variations]"
Add component (AddParameter): Name = "Program Memory KWords"; Value = "8"; VariantName = "[No Variations]"
Add component (AddParameter): Name = "RAM"; Value = "1024"; VariantName = "[No Variations]"
Add component (AddParameter): Name = "RoHS"; Value = "TRUE"; VariantName = "[No Variations]"
Add component (AddParameter): Name = "Timers"; Value = "4 - 8-bit, 1 - 16-bit"; VariantName = "[No Variations]"
Added Class: Name=Schematic
Added Room: Name=Schematic
