Added Component: Designator=C4(C 0805 (2012))
Added Component: Designator=C5(C 0805 (2012))
Added Component: Designator=C6(C 0805 (2012))
Added Component: Designator=C7(C 0805 (2012))
Added Component: Designator=LCD(LCD 16x2)
Added Component: Designator=SW1(SW/4/DIP 12x12x7)
Added Component: Designator=SW2(SW/4/DIP 12x12x7)
Added Component: Designator=SW3(SW/4/DIP 12x12x7)
Added Pin To Net: NetName=RA0 Pin=C4-1
Added Pin To Net: NetName=GND Pin=C4-2
Added Pin To Net: NetName=RA1 Pin=C5-1
Added Pin To Net: NetName=GND Pin=C5-2
Added Pin To Net: NetName=RA2 Pin=C6-1
Added Pin To Net: NetName=GND Pin=C6-2
Added Pin To Net: NetName=RA3 Pin=C7-1
Added Pin To Net: NetName=GND Pin=C7-2
Added Pin To Net: NetName=GND Pin=LCD-1
Added Pin To Net: NetName=+5 Pin=LCD-2
Added Pin To Net: NetName=NetLCD_3 Pin=LCD-3
Added Pin To Net: NetName=RC2 Pin=LCD-4
Added Pin To Net: NetName=GND Pin=LCD-5
Added Pin To Net: NetName=RC3 Pin=LCD-6
Added Pin To Net: NetName=GND Pin=LCD-7
Added Pin To Net: NetName=GND Pin=LCD-8
Added Pin To Net: NetName=GND Pin=LCD-9
Added Pin To Net: NetName=GND Pin=LCD-10
Added Pin To Net: NetName=RC4 Pin=LCD-11
Added Pin To Net: NetName=RC5 Pin=LCD-12
Added Pin To Net: NetName=RC6 Pin=LCD-13
Added Pin To Net: NetName=RC7 Pin=LCD-14
Added Pin To Net: NetName=NetLCD_15 Pin=LCD-15
Added Pin To Net: NetName=GND Pin=LCD-16
Added Pin To Net: NetName=RA0 Pin=SW1-1
Added Pin To Net: NetName=GND Pin=SW1-2
Added Pin To Net: NetName=GND Pin=SW1-3
Added Pin To Net: NetName=RA0 Pin=SW1-4
Added Pin To Net: NetName=RA1 Pin=SW2-1
Added Pin To Net: NetName=GND Pin=SW2-2
Added Pin To Net: NetName=GND Pin=SW2-3
Added Pin To Net: NetName=RA1 Pin=SW2-4
Added Pin To Net: NetName=RA2 Pin=SW3-1
Added Pin To Net: NetName=GND Pin=SW3-2
Added Pin To Net: NetName=GND Pin=SW3-3
Added Pin To Net: NetName=RA2 Pin=SW3-4
Added Member To Class: ClassName=Schematic Member=Component C4 104
Added Member To Class: ClassName=Schematic Member=Component C5 104
Added Member To Class: ClassName=Schematic Member=Component C6 104
Added Member To Class: ClassName=Schematic Member=Component C7 104
Added Member To Class: ClassName=Schematic Member=Component LCD LCD 16x2
Added Member To Class: ClassName=Schematic Member=Component SW1 Tact Switch
Added Member To Class: ClassName=Schematic Member=Component SW2 Tact Switch
Added Member To Class: ClassName=Schematic Member=Component SW3 Tact Switch
